Performing C SOURCE FILE Test CMAKE_HAVE_LIBC_PTHREAD failed with the following output:
Change Dir: /mnt/c/Users/Kourosh/scenic-stuff/Scenic/src/scenic/simulators/gazebo/util/plugins/build/CMakeFiles/CMakeTmp

Run Build Command(s):/usr/bin/make cmTC_5ec30/fast && /usr/bin/make -f CMakeFiles/cmTC_5ec30.dir/build.make CMakeFiles/cmTC_5ec30.dir/build
make[1]: Entering directory '/mnt/c/Users/Kourosh/scenic-stuff/Scenic/src/scenic/simulators/gazebo/util/plugins/build/CMakeFiles/CMakeTmp'
Building C object CMakeFiles/cmTC_5ec30.dir/src.c.o
/usr/bin/cc   -DCMAKE_HAVE_LIBC_PTHREAD   -o CMakeFiles/cmTC_5ec30.dir/src.c.o   -c /mnt/c/Users/Kourosh/scenic-stuff/Scenic/src/scenic/simulators/gazebo/util/plugins/build/CMakeFiles/CMakeTmp/src.c
Linking C executable cmTC_5ec30
/usr/bin/cmake -E cmake_link_script CMakeFiles/cmTC_5ec30.dir/link.txt --verbose=1
/usr/bin/cc  -DCMAKE_HAVE_LIBC_PTHREAD    -rdynamic CMakeFiles/cmTC_5ec30.dir/src.c.o  -o cmTC_5ec30 
/usr/bin/ld: CMakeFiles/cmTC_5ec30.dir/src.c.o: in function `main':
src.c:(.text+0x46): undefined reference to `pthread_create'
/usr/bin/ld: src.c:(.text+0x52): undefined reference to `pthread_detach'
/usr/bin/ld: src.c:(.text+0x63): undefined reference to `pthread_join'
collect2: error: ld returned 1 exit status
make[1]: *** [CMakeFiles/cmTC_5ec30.dir/build.make:87: cmTC_5ec30] Error 1
make[1]: Leaving directory '/mnt/c/Users/Kourosh/scenic-stuff/Scenic/src/scenic/simulators/gazebo/util/plugins/build/CMakeFiles/CMakeTmp'
make: *** [Makefile:121: cmTC_5ec30/fast] Error 2


Source file was:
#include <pthread.h>

void* test_func(void* data)
{
  return data;
}

int main(void)
{
  pthread_t thread;
  pthread_create(&thread, NULL, test_func, NULL);
  pthread_detach(thread);
  pthread_join(thread, NULL);
  pthread_atfork(NULL, NULL, NULL);
  pthread_exit(NULL);

  return 0;
}

Determining if the function pthread_create exists in the pthreads failed with the following output:
Change Dir: /mnt/c/Users/Kourosh/scenic-stuff/Scenic/src/scenic/simulators/gazebo/util/plugins/build/CMakeFiles/CMakeTmp

Run Build Command(s):/usr/bin/make cmTC_1c59d/fast && /usr/bin/make -f CMakeFiles/cmTC_1c59d.dir/build.make CMakeFiles/cmTC_1c59d.dir/build
make[1]: Entering directory '/mnt/c/Users/Kourosh/scenic-stuff/Scenic/src/scenic/simulators/gazebo/util/plugins/build/CMakeFiles/CMakeTmp'
Building C object CMakeFiles/cmTC_1c59d.dir/CheckFunctionExists.c.o
/usr/bin/cc   -DCHECK_FUNCTION_EXISTS=pthread_create   -o CMakeFiles/cmTC_1c59d.dir/CheckFunctionExists.c.o   -c /usr/share/cmake-3.16/Modules/CheckFunctionExists.c
Linking C executable cmTC_1c59d
/usr/bin/cmake -E cmake_link_script CMakeFiles/cmTC_1c59d.dir/link.txt --verbose=1
/usr/bin/cc  -DCHECK_FUNCTION_EXISTS=pthread_create    -rdynamic CMakeFiles/cmTC_1c59d.dir/CheckFunctionExists.c.o  -o cmTC_1c59d  -lpthreads 
/usr/bin/ld: cannot find -lpthreads
collect2: error: ld returned 1 exit status
make[1]: *** [CMakeFiles/cmTC_1c59d.dir/build.make:87: cmTC_1c59d] Error 1
make[1]: Leaving directory '/mnt/c/Users/Kourosh/scenic-stuff/Scenic/src/scenic/simulators/gazebo/util/plugins/build/CMakeFiles/CMakeTmp'
make: *** [Makefile:121: cmTC_1c59d/fast] Error 2



Determining if the C compiler works failed with the following output:
Change Dir: /mnt/c/Users/Kourosh/scenic-stuff/Scenic/src/scenic/simulators/gazebo/util/plugins/build/CMakeFiles/CMakeTmp

Run Build Command(s):/usr/bin/make cmTC_6a2b5/fast && make: Warning: File 'Makefile' has modification time 39 s in the future
make: *** No rule to make target 'cmTC_6a2b5/fast'.  Stop.



Determining if the C compiler works failed with the following output:
Change Dir: /mnt/c/Users/Kourosh/scenic-stuff/Scenic/src/scenic/simulators/gazebo/util/plugins/build/CMakeFiles/CMakeTmp

Run Build Command(s):/usr/bin/make cmTC_89ecb/fast && make[1]: Entering directory '/mnt/c/Users/Kourosh/scenic-stuff/Scenic/src/scenic/simulators/gazebo/util/plugins/build/CMakeFiles/CMakeTmp'
make[1]: Warning: File 'Makefile' has modification time 39 s in the future
/usr/bin/make -f CMakeFiles/cmTC_89ecb.dir/build.make CMakeFiles/cmTC_89ecb.dir/build
make[2]: Entering directory '/mnt/c/Users/Kourosh/scenic-stuff/Scenic/src/scenic/simulators/gazebo/util/plugins/build/CMakeFiles/CMakeTmp'
make[2]: Warning: File 'CMakeFiles/cmTC_89ecb.dir/flags.make' has modification time 39 s in the future
Building C object CMakeFiles/cmTC_89ecb.dir/testCCompiler.c.o
/usr/bin/cc    -o CMakeFiles/cmTC_89ecb.dir/testCCompiler.c.o   -c /mnt/c/Users/Kourosh/scenic-stuff/Scenic/src/scenic/simulators/gazebo/util/plugins/build/CMakeFiles/CMakeTmp/testCCompiler.c
Linking C executable cmTC_89ecb
/usr/bin/cmake -E cmake_link_script CMakeFiles/cmTC_89ecb.dir/link.txt --verbose=1
Error opening link script "CMakeFiles/cmTC_89ecb.dir/link.txt"
make[2]: *** [CMakeFiles/cmTC_89ecb.dir/build.make:87: cmTC_89ecb] Error 1
make[2]: Leaving directory '/mnt/c/Users/Kourosh/scenic-stuff/Scenic/src/scenic/simulators/gazebo/util/plugins/build/CMakeFiles/CMakeTmp'
make[1]: *** [Makefile:121: cmTC_89ecb/fast] Error 2
make[1]: Leaving directory '/mnt/c/Users/Kourosh/scenic-stuff/Scenic/src/scenic/simulators/gazebo/util/plugins/build/CMakeFiles/CMakeTmp'



The C compiler identification could not be found in "/mnt/c/Users/Kourosh/scenic-stuff/Scenic/src/scenic/simulators/gazebo/util/plugins/build/CMakeFiles/3.16.3/CompilerIdC/CMakeCCompilerId.o"

Compiling the C compiler identification source file "CMakeCCompilerId.c" failed.
Compiler: /usr/bin/cc 
Build flags: 
Id flags: -Aa 

The output was:
1
<command-line>: error: missing '(' after predicate


Compiling the C compiler identification source file "CMakeCCompilerId.c" failed.
Compiler: /usr/bin/cc 
Build flags: 
Id flags:  

The output was:
1
/usr/bin/ld: cannot open output file a.out: No such file or directory
collect2: error: ld returned 1 exit status


Compiling the C compiler identification source file "CMakeCCompilerId.c" failed.
Compiler: /usr/bin/cc 
Build flags: 
Id flags: -D__CLASSIC_C__ 

The output was:
1
/usr/bin/ld: cannot open output file a.out: No such file or directory
collect2: error: ld returned 1 exit status


Compiling the C compiler identification source file "CMakeCCompilerId.c" failed.
Compiler: /usr/bin/cc 
Build flags: 
Id flags: --target=arm-arm-none-eabi;-mcpu=cortex-m3 

The output was:
1
cc: warning: ‘-mcpu=’ is deprecated; use ‘-mtune=’ or ‘-march=’ instead
cc: error: unrecognized command line option ‘--target=arm-arm-none-eabi’


Performing C SOURCE FILE Test CMAKE_HAVE_LIBC_PTHREAD failed with the following output:
Change Dir: /mnt/c/Users/Kourosh/scenic-stuff/Scenic/src/scenic/simulators/gazebo/util/plugins/build/CMakeFiles/CMakeTmp

Run Build Command(s):/usr/bin/make cmTC_09566/fast && make: Warning: File 'Makefile' has modification time 39 s in the future
/usr/bin/make -f CMakeFiles/cmTC_09566.dir/build.make CMakeFiles/cmTC_09566.dir/build
make[1]: Entering directory '/mnt/c/Users/Kourosh/scenic-stuff/Scenic/src/scenic/simulators/gazebo/util/plugins/build/CMakeFiles/CMakeTmp'
make[1]: Warning: File 'CMakeFiles/cmTC_09566.dir/flags.make' has modification time 39 s in the future
Building C object CMakeFiles/cmTC_09566.dir/src.c.o
/usr/bin/cc   -DCMAKE_HAVE_LIBC_PTHREAD   -o CMakeFiles/cmTC_09566.dir/src.c.o   -c /mnt/c/Users/Kourosh/scenic-stuff/Scenic/src/scenic/simulators/gazebo/util/plugins/build/CMakeFiles/CMakeTmp/src.c
Linking C executable cmTC_09566
/usr/bin/cmake -E cmake_link_script CMakeFiles/cmTC_09566.dir/link.txt --verbose=1
/usr/bin/cc  -DCMAKE_HAVE_LIBC_PTHREAD    -rdynamic CMakeFiles/cmTC_09566.dir/src.c.o  -o cmTC_09566 
/usr/bin/ld: CMakeFiles/cmTC_09566.dir/src.c.o: in function `main':
src.c:(.text+0x46): undefined reference to `pthread_create'
/usr/bin/ld: src.c:(.text+0x52): undefined reference to `pthread_detach'
/usr/bin/ld: src.c:(.text+0x63): undefined reference to `pthread_join'
collect2: error: ld returned 1 exit status
make[1]: *** [CMakeFiles/cmTC_09566.dir/build.make:87: cmTC_09566] Error 1
make[1]: Leaving directory '/mnt/c/Users/Kourosh/scenic-stuff/Scenic/src/scenic/simulators/gazebo/util/plugins/build/CMakeFiles/CMakeTmp'
make: *** [Makefile:121: cmTC_09566/fast] Error 2


Source file was:
#include <pthread.h>

void* test_func(void* data)
{
  return data;
}

int main(void)
{
  pthread_t thread;
  pthread_create(&thread, NULL, test_func, NULL);
  pthread_detach(thread);
  pthread_join(thread, NULL);
  pthread_atfork(NULL, NULL, NULL);
  pthread_exit(NULL);

  return 0;
}

Determining if the function pthread_create exists in the pthreads failed with the following output:
Change Dir: /mnt/c/Users/Kourosh/scenic-stuff/Scenic/src/scenic/simulators/gazebo/util/plugins/build/CMakeFiles/CMakeTmp

Run Build Command(s):/usr/bin/make cmTC_1b836/fast && make: Warning: File 'Makefile' has modification time 39 s in the future
/usr/bin/make -f CMakeFiles/cmTC_1b836.dir/build.make CMakeFiles/cmTC_1b836.dir/build
make[1]: Entering directory '/mnt/c/Users/Kourosh/scenic-stuff/Scenic/src/scenic/simulators/gazebo/util/plugins/build/CMakeFiles/CMakeTmp'
make[1]: Warning: File 'CMakeFiles/cmTC_1b836.dir/flags.make' has modification time 39 s in the future
Building C object CMakeFiles/cmTC_1b836.dir/CheckFunctionExists.c.o
/usr/bin/cc   -DCHECK_FUNCTION_EXISTS=pthread_create   -o CMakeFiles/cmTC_1b836.dir/CheckFunctionExists.c.o   -c /usr/share/cmake-3.16/Modules/CheckFunctionExists.c
Linking C executable cmTC_1b836
/usr/bin/cmake -E cmake_link_script CMakeFiles/cmTC_1b836.dir/link.txt --verbose=1
/usr/bin/cc  -DCHECK_FUNCTION_EXISTS=pthread_create    -rdynamic CMakeFiles/cmTC_1b836.dir/CheckFunctionExists.c.o  -o cmTC_1b836  -lpthreads 
/usr/bin/ld: cannot find -lpthreads
collect2: error: ld returned 1 exit status
make[1]: *** [CMakeFiles/cmTC_1b836.dir/build.make:87: cmTC_1b836] Error 1
make[1]: Leaving directory '/mnt/c/Users/Kourosh/scenic-stuff/Scenic/src/scenic/simulators/gazebo/util/plugins/build/CMakeFiles/CMakeTmp'
make: *** [Makefile:121: cmTC_1b836/fast] Error 2



Performing C SOURCE FILE Test CMAKE_HAVE_LIBC_PTHREAD failed with the following output:
Change Dir: /mnt/c/Users/Kourosh/scenic-stuff/Scenic/src/scenic/simulators/gazebo/util/plugins/build/CMakeFiles/CMakeTmp

Run Build Command(s):/usr/bin/make cmTC_893cd/fast && make: Warning: File 'Makefile' has modification time 39 s in the future
/usr/bin/make -f CMakeFiles/cmTC_893cd.dir/build.make CMakeFiles/cmTC_893cd.dir/build
make[1]: Entering directory '/mnt/c/Users/Kourosh/scenic-stuff/Scenic/src/scenic/simulators/gazebo/util/plugins/build/CMakeFiles/CMakeTmp'
make[1]: Warning: File 'CMakeFiles/cmTC_893cd.dir/flags.make' has modification time 39 s in the future
Building C object CMakeFiles/cmTC_893cd.dir/src.c.o
/usr/bin/cc   -DCMAKE_HAVE_LIBC_PTHREAD   -o CMakeFiles/cmTC_893cd.dir/src.c.o   -c /mnt/c/Users/Kourosh/scenic-stuff/Scenic/src/scenic/simulators/gazebo/util/plugins/build/CMakeFiles/CMakeTmp/src.c
Linking C executable cmTC_893cd
/usr/bin/cmake -E cmake_link_script CMakeFiles/cmTC_893cd.dir/link.txt --verbose=1
/usr/bin/cc  -DCMAKE_HAVE_LIBC_PTHREAD    -rdynamic CMakeFiles/cmTC_893cd.dir/src.c.o  -o cmTC_893cd 
/usr/bin/ld: CMakeFiles/cmTC_893cd.dir/src.c.o: in function `main':
src.c:(.text+0x46): undefined reference to `pthread_create'
/usr/bin/ld: src.c:(.text+0x52): undefined reference to `pthread_detach'
/usr/bin/ld: src.c:(.text+0x63): undefined reference to `pthread_join'
collect2: error: ld returned 1 exit status
make[1]: *** [CMakeFiles/cmTC_893cd.dir/build.make:87: cmTC_893cd] Error 1
make[1]: Leaving directory '/mnt/c/Users/Kourosh/scenic-stuff/Scenic/src/scenic/simulators/gazebo/util/plugins/build/CMakeFiles/CMakeTmp'
make: *** [Makefile:121: cmTC_893cd/fast] Error 2


Source file was:
#include <pthread.h>

void* test_func(void* data)
{
  return data;
}

int main(void)
{
  pthread_t thread;
  pthread_create(&thread, NULL, test_func, NULL);
  pthread_detach(thread);
  pthread_join(thread, NULL);
  pthread_atfork(NULL, NULL, NULL);
  pthread_exit(NULL);

  return 0;
}

Determining if the function pthread_create exists in the pthreads failed with the following output:
Change Dir: /mnt/c/Users/Kourosh/scenic-stuff/Scenic/src/scenic/simulators/gazebo/util/plugins/build/CMakeFiles/CMakeTmp

Run Build Command(s):/usr/bin/make cmTC_3d79d/fast && make: Warning: File 'Makefile' has modification time 39 s in the future
/usr/bin/make -f CMakeFiles/cmTC_3d79d.dir/build.make CMakeFiles/cmTC_3d79d.dir/build
make[1]: Entering directory '/mnt/c/Users/Kourosh/scenic-stuff/Scenic/src/scenic/simulators/gazebo/util/plugins/build/CMakeFiles/CMakeTmp'
make[1]: Warning: File 'CMakeFiles/cmTC_3d79d.dir/flags.make' has modification time 39 s in the future
Building C object CMakeFiles/cmTC_3d79d.dir/CheckFunctionExists.c.o
/usr/bin/cc   -DCHECK_FUNCTION_EXISTS=pthread_create   -o CMakeFiles/cmTC_3d79d.dir/CheckFunctionExists.c.o   -c /usr/share/cmake-3.16/Modules/CheckFunctionExists.c
Linking C executable cmTC_3d79d
/usr/bin/cmake -E cmake_link_script CMakeFiles/cmTC_3d79d.dir/link.txt --verbose=1
/usr/bin/cc  -DCHECK_FUNCTION_EXISTS=pthread_create    -rdynamic CMakeFiles/cmTC_3d79d.dir/CheckFunctionExists.c.o  -o cmTC_3d79d  -lpthreads 
/usr/bin/ld: cannot find -lpthreads
collect2: error: ld returned 1 exit status
make[1]: *** [CMakeFiles/cmTC_3d79d.dir/build.make:87: cmTC_3d79d] Error 1
make[1]: Leaving directory '/mnt/c/Users/Kourosh/scenic-stuff/Scenic/src/scenic/simulators/gazebo/util/plugins/build/CMakeFiles/CMakeTmp'
make: *** [Makefile:121: cmTC_3d79d/fast] Error 2



Performing C SOURCE FILE Test CMAKE_HAVE_LIBC_PTHREAD failed with the following output:
Change Dir: /mnt/c/Users/Kourosh/scenic-stuff/Scenic/src/scenic/simulators/gazebo/util/plugins/build/CMakeFiles/CMakeTmp

Run Build Command(s):/usr/bin/make cmTC_fcabc/fast && make: Warning: File 'Makefile' has modification time 39 s in the future
/usr/bin/make -f CMakeFiles/cmTC_fcabc.dir/build.make CMakeFiles/cmTC_fcabc.dir/build
make[1]: Entering directory '/mnt/c/Users/Kourosh/scenic-stuff/Scenic/src/scenic/simulators/gazebo/util/plugins/build/CMakeFiles/CMakeTmp'
make[1]: Warning: File 'CMakeFiles/cmTC_fcabc.dir/flags.make' has modification time 39 s in the future
Building C object CMakeFiles/cmTC_fcabc.dir/src.c.o
/usr/bin/cc   -DCMAKE_HAVE_LIBC_PTHREAD   -o CMakeFiles/cmTC_fcabc.dir/src.c.o   -c /mnt/c/Users/Kourosh/scenic-stuff/Scenic/src/scenic/simulators/gazebo/util/plugins/build/CMakeFiles/CMakeTmp/src.c
Linking C executable cmTC_fcabc
/usr/bin/cmake -E cmake_link_script CMakeFiles/cmTC_fcabc.dir/link.txt --verbose=1
/usr/bin/cc  -DCMAKE_HAVE_LIBC_PTHREAD    -rdynamic CMakeFiles/cmTC_fcabc.dir/src.c.o  -o cmTC_fcabc 
/usr/bin/ld: CMakeFiles/cmTC_fcabc.dir/src.c.o: in function `main':
src.c:(.text+0x46): undefined reference to `pthread_create'
/usr/bin/ld: src.c:(.text+0x52): undefined reference to `pthread_detach'
/usr/bin/ld: src.c:(.text+0x63): undefined reference to `pthread_join'
collect2: error: ld returned 1 exit status
make[1]: *** [CMakeFiles/cmTC_fcabc.dir/build.make:87: cmTC_fcabc] Error 1
make[1]: Leaving directory '/mnt/c/Users/Kourosh/scenic-stuff/Scenic/src/scenic/simulators/gazebo/util/plugins/build/CMakeFiles/CMakeTmp'
make: *** [Makefile:121: cmTC_fcabc/fast] Error 2


Source file was:
#include <pthread.h>

void* test_func(void* data)
{
  return data;
}

int main(void)
{
  pthread_t thread;
  pthread_create(&thread, NULL, test_func, NULL);
  pthread_detach(thread);
  pthread_join(thread, NULL);
  pthread_atfork(NULL, NULL, NULL);
  pthread_exit(NULL);

  return 0;
}

Determining if the function pthread_create exists in the pthreads failed with the following output:
Change Dir: /mnt/c/Users/Kourosh/scenic-stuff/Scenic/src/scenic/simulators/gazebo/util/plugins/build/CMakeFiles/CMakeTmp

Run Build Command(s):/usr/bin/make cmTC_cd847/fast && make: Warning: File 'Makefile' has modification time 39 s in the future
/usr/bin/make -f CMakeFiles/cmTC_cd847.dir/build.make CMakeFiles/cmTC_cd847.dir/build
make[1]: Entering directory '/mnt/c/Users/Kourosh/scenic-stuff/Scenic/src/scenic/simulators/gazebo/util/plugins/build/CMakeFiles/CMakeTmp'
make[1]: Warning: File 'CMakeFiles/cmTC_cd847.dir/flags.make' has modification time 39 s in the future
Building C object CMakeFiles/cmTC_cd847.dir/CheckFunctionExists.c.o
/usr/bin/cc   -DCHECK_FUNCTION_EXISTS=pthread_create   -o CMakeFiles/cmTC_cd847.dir/CheckFunctionExists.c.o   -c /usr/share/cmake-3.16/Modules/CheckFunctionExists.c
Linking C executable cmTC_cd847
/usr/bin/cmake -E cmake_link_script CMakeFiles/cmTC_cd847.dir/link.txt --verbose=1
/usr/bin/cc  -DCHECK_FUNCTION_EXISTS=pthread_create    -rdynamic CMakeFiles/cmTC_cd847.dir/CheckFunctionExists.c.o  -o cmTC_cd847  -lpthreads 
/usr/bin/ld: cannot find -lpthreads
collect2: error: ld returned 1 exit status
make[1]: *** [CMakeFiles/cmTC_cd847.dir/build.make:87: cmTC_cd847] Error 1
make[1]: Leaving directory '/mnt/c/Users/Kourosh/scenic-stuff/Scenic/src/scenic/simulators/gazebo/util/plugins/build/CMakeFiles/CMakeTmp'
make: *** [Makefile:121: cmTC_cd847/fast] Error 2



Performing C SOURCE FILE Test CMAKE_HAVE_LIBC_PTHREAD failed with the following output:
Change Dir: /mnt/c/Users/Kourosh/scenic-stuff/Scenic/src/scenic/simulators/gazebo/util/plugins/build/CMakeFiles/CMakeTmp

Run Build Command(s):/usr/bin/make cmTC_cc1b1/fast && make: Warning: File 'Makefile' has modification time 39 s in the future
/usr/bin/make -f CMakeFiles/cmTC_cc1b1.dir/build.make CMakeFiles/cmTC_cc1b1.dir/build
make[1]: Entering directory '/mnt/c/Users/Kourosh/scenic-stuff/Scenic/src/scenic/simulators/gazebo/util/plugins/build/CMakeFiles/CMakeTmp'
make[1]: Warning: File 'CMakeFiles/cmTC_cc1b1.dir/flags.make' has modification time 39 s in the future
Building C object CMakeFiles/cmTC_cc1b1.dir/src.c.o
/usr/bin/cc   -DCMAKE_HAVE_LIBC_PTHREAD   -o CMakeFiles/cmTC_cc1b1.dir/src.c.o   -c /mnt/c/Users/Kourosh/scenic-stuff/Scenic/src/scenic/simulators/gazebo/util/plugins/build/CMakeFiles/CMakeTmp/src.c
Linking C executable cmTC_cc1b1
/usr/bin/cmake -E cmake_link_script CMakeFiles/cmTC_cc1b1.dir/link.txt --verbose=1
/usr/bin/cc  -DCMAKE_HAVE_LIBC_PTHREAD    -rdynamic CMakeFiles/cmTC_cc1b1.dir/src.c.o  -o cmTC_cc1b1 
/usr/bin/ld: CMakeFiles/cmTC_cc1b1.dir/src.c.o: in function `main':
src.c:(.text+0x46): undefined reference to `pthread_create'
/usr/bin/ld: src.c:(.text+0x52): undefined reference to `pthread_detach'
/usr/bin/ld: src.c:(.text+0x63): undefined reference to `pthread_join'
collect2: error: ld returned 1 exit status
make[1]: *** [CMakeFiles/cmTC_cc1b1.dir/build.make:87: cmTC_cc1b1] Error 1
make[1]: Leaving directory '/mnt/c/Users/Kourosh/scenic-stuff/Scenic/src/scenic/simulators/gazebo/util/plugins/build/CMakeFiles/CMakeTmp'
make: *** [Makefile:121: cmTC_cc1b1/fast] Error 2


Source file was:
#include <pthread.h>

void* test_func(void* data)
{
  return data;
}

int main(void)
{
  pthread_t thread;
  pthread_create(&thread, NULL, test_func, NULL);
  pthread_detach(thread);
  pthread_join(thread, NULL);
  pthread_atfork(NULL, NULL, NULL);
  pthread_exit(NULL);

  return 0;
}

Determining if the function pthread_create exists in the pthreads failed with the following output:
Change Dir: /mnt/c/Users/Kourosh/scenic-stuff/Scenic/src/scenic/simulators/gazebo/util/plugins/build/CMakeFiles/CMakeTmp

Run Build Command(s):/usr/bin/make cmTC_c680f/fast && make: Warning: File 'Makefile' has modification time 39 s in the future
/usr/bin/make -f CMakeFiles/cmTC_c680f.dir/build.make CMakeFiles/cmTC_c680f.dir/build
make[1]: Entering directory '/mnt/c/Users/Kourosh/scenic-stuff/Scenic/src/scenic/simulators/gazebo/util/plugins/build/CMakeFiles/CMakeTmp'
make[1]: Warning: File 'CMakeFiles/cmTC_c680f.dir/flags.make' has modification time 39 s in the future
Building C object CMakeFiles/cmTC_c680f.dir/CheckFunctionExists.c.o
/usr/bin/cc   -DCHECK_FUNCTION_EXISTS=pthread_create   -o CMakeFiles/cmTC_c680f.dir/CheckFunctionExists.c.o   -c /usr/share/cmake-3.16/Modules/CheckFunctionExists.c
Linking C executable cmTC_c680f
/usr/bin/cmake -E cmake_link_script CMakeFiles/cmTC_c680f.dir/link.txt --verbose=1
/usr/bin/cc  -DCHECK_FUNCTION_EXISTS=pthread_create    -rdynamic CMakeFiles/cmTC_c680f.dir/CheckFunctionExists.c.o  -o cmTC_c680f  -lpthreads 
/usr/bin/ld: cannot find -lpthreads
collect2: error: ld returned 1 exit status
make[1]: *** [CMakeFiles/cmTC_c680f.dir/build.make:87: cmTC_c680f] Error 1
make[1]: Leaving directory '/mnt/c/Users/Kourosh/scenic-stuff/Scenic/src/scenic/simulators/gazebo/util/plugins/build/CMakeFiles/CMakeTmp'
make: *** [Makefile:121: cmTC_c680f/fast] Error 2



Performing C SOURCE FILE Test CMAKE_HAVE_LIBC_PTHREAD failed with the following output:
Change Dir: /mnt/c/Users/Kourosh/scenic-stuff/Scenic/src/scenic/simulators/gazebo/util/plugins/build/CMakeFiles/CMakeTmp

Run Build Command(s):/usr/bin/make cmTC_3b739/fast && make: Warning: File 'Makefile' has modification time 39 s in the future
/usr/bin/make -f CMakeFiles/cmTC_3b739.dir/build.make CMakeFiles/cmTC_3b739.dir/build
make[1]: Entering directory '/mnt/c/Users/Kourosh/scenic-stuff/Scenic/src/scenic/simulators/gazebo/util/plugins/build/CMakeFiles/CMakeTmp'
make[1]: Warning: File 'CMakeFiles/cmTC_3b739.dir/flags.make' has modification time 39 s in the future
Building C object CMakeFiles/cmTC_3b739.dir/src.c.o
/usr/bin/cc   -DCMAKE_HAVE_LIBC_PTHREAD   -o CMakeFiles/cmTC_3b739.dir/src.c.o   -c /mnt/c/Users/Kourosh/scenic-stuff/Scenic/src/scenic/simulators/gazebo/util/plugins/build/CMakeFiles/CMakeTmp/src.c
Linking C executable cmTC_3b739
/usr/bin/cmake -E cmake_link_script CMakeFiles/cmTC_3b739.dir/link.txt --verbose=1
/usr/bin/cc  -DCMAKE_HAVE_LIBC_PTHREAD    -rdynamic CMakeFiles/cmTC_3b739.dir/src.c.o  -o cmTC_3b739 
/usr/bin/ld: CMakeFiles/cmTC_3b739.dir/src.c.o: in function `main':
src.c:(.text+0x46): undefined reference to `pthread_create'
/usr/bin/ld: src.c:(.text+0x52): undefined reference to `pthread_detach'
/usr/bin/ld: src.c:(.text+0x63): undefined reference to `pthread_join'
collect2: error: ld returned 1 exit status
make[1]: *** [CMakeFiles/cmTC_3b739.dir/build.make:87: cmTC_3b739] Error 1
make[1]: Leaving directory '/mnt/c/Users/Kourosh/scenic-stuff/Scenic/src/scenic/simulators/gazebo/util/plugins/build/CMakeFiles/CMakeTmp'
make: *** [Makefile:121: cmTC_3b739/fast] Error 2


Source file was:
#include <pthread.h>

void* test_func(void* data)
{
  return data;
}

int main(void)
{
  pthread_t thread;
  pthread_create(&thread, NULL, test_func, NULL);
  pthread_detach(thread);
  pthread_join(thread, NULL);
  pthread_atfork(NULL, NULL, NULL);
  pthread_exit(NULL);

  return 0;
}

Determining if the function pthread_create exists in the pthreads failed with the following output:
Change Dir: /mnt/c/Users/Kourosh/scenic-stuff/Scenic/src/scenic/simulators/gazebo/util/plugins/build/CMakeFiles/CMakeTmp

Run Build Command(s):/usr/bin/make cmTC_6545b/fast && make: Warning: File 'Makefile' has modification time 39 s in the future
/usr/bin/make -f CMakeFiles/cmTC_6545b.dir/build.make CMakeFiles/cmTC_6545b.dir/build
make[1]: Entering directory '/mnt/c/Users/Kourosh/scenic-stuff/Scenic/src/scenic/simulators/gazebo/util/plugins/build/CMakeFiles/CMakeTmp'
make[1]: Warning: File 'CMakeFiles/cmTC_6545b.dir/flags.make' has modification time 39 s in the future
Building C object CMakeFiles/cmTC_6545b.dir/CheckFunctionExists.c.o
/usr/bin/cc   -DCHECK_FUNCTION_EXISTS=pthread_create   -o CMakeFiles/cmTC_6545b.dir/CheckFunctionExists.c.o   -c /usr/share/cmake-3.16/Modules/CheckFunctionExists.c
Linking C executable cmTC_6545b
/usr/bin/cmake -E cmake_link_script CMakeFiles/cmTC_6545b.dir/link.txt --verbose=1
/usr/bin/cc  -DCHECK_FUNCTION_EXISTS=pthread_create    -rdynamic CMakeFiles/cmTC_6545b.dir/CheckFunctionExists.c.o  -o cmTC_6545b  -lpthreads 
/usr/bin/ld: cannot find -lpthreads
collect2: error: ld returned 1 exit status
make[1]: *** [CMakeFiles/cmTC_6545b.dir/build.make:87: cmTC_6545b] Error 1
make[1]: Leaving directory '/mnt/c/Users/Kourosh/scenic-stuff/Scenic/src/scenic/simulators/gazebo/util/plugins/build/CMakeFiles/CMakeTmp'
make: *** [Makefile:121: cmTC_6545b/fast] Error 2



Performing C SOURCE FILE Test CMAKE_HAVE_LIBC_PTHREAD failed with the following output:
Change Dir: /mnt/c/Users/Kourosh/scenic-stuff/Scenic/src/scenic/simulators/gazebo/util/plugins/build/CMakeFiles/CMakeTmp

Run Build Command(s):/usr/bin/make cmTC_ad36b/fast && make: Warning: File 'Makefile' has modification time 39 s in the future
/usr/bin/make -f CMakeFiles/cmTC_ad36b.dir/build.make CMakeFiles/cmTC_ad36b.dir/build
make[1]: Entering directory '/mnt/c/Users/Kourosh/scenic-stuff/Scenic/src/scenic/simulators/gazebo/util/plugins/build/CMakeFiles/CMakeTmp'
make[1]: Warning: File 'CMakeFiles/cmTC_ad36b.dir/flags.make' has modification time 39 s in the future
Building C object CMakeFiles/cmTC_ad36b.dir/src.c.o
/usr/bin/cc   -DCMAKE_HAVE_LIBC_PTHREAD   -o CMakeFiles/cmTC_ad36b.dir/src.c.o   -c /mnt/c/Users/Kourosh/scenic-stuff/Scenic/src/scenic/simulators/gazebo/util/plugins/build/CMakeFiles/CMakeTmp/src.c
Linking C executable cmTC_ad36b
/usr/bin/cmake -E cmake_link_script CMakeFiles/cmTC_ad36b.dir/link.txt --verbose=1
/usr/bin/cc  -DCMAKE_HAVE_LIBC_PTHREAD    -rdynamic CMakeFiles/cmTC_ad36b.dir/src.c.o  -o cmTC_ad36b 
/usr/bin/ld: CMakeFiles/cmTC_ad36b.dir/src.c.o: in function `main':
src.c:(.text+0x46): undefined reference to `pthread_create'
/usr/bin/ld: src.c:(.text+0x52): undefined reference to `pthread_detach'
/usr/bin/ld: src.c:(.text+0x63): undefined reference to `pthread_join'
collect2: error: ld returned 1 exit status
make[1]: *** [CMakeFiles/cmTC_ad36b.dir/build.make:87: cmTC_ad36b] Error 1
make[1]: Leaving directory '/mnt/c/Users/Kourosh/scenic-stuff/Scenic/src/scenic/simulators/gazebo/util/plugins/build/CMakeFiles/CMakeTmp'
make: *** [Makefile:121: cmTC_ad36b/fast] Error 2


Source file was:
#include <pthread.h>

void* test_func(void* data)
{
  return data;
}

int main(void)
{
  pthread_t thread;
  pthread_create(&thread, NULL, test_func, NULL);
  pthread_detach(thread);
  pthread_join(thread, NULL);
  pthread_atfork(NULL, NULL, NULL);
  pthread_exit(NULL);

  return 0;
}

Determining if the function pthread_create exists in the pthreads failed with the following output:
Change Dir: /mnt/c/Users/Kourosh/scenic-stuff/Scenic/src/scenic/simulators/gazebo/util/plugins/build/CMakeFiles/CMakeTmp

Run Build Command(s):/usr/bin/make cmTC_8b707/fast && make: Warning: File 'Makefile' has modification time 39 s in the future
/usr/bin/make -f CMakeFiles/cmTC_8b707.dir/build.make CMakeFiles/cmTC_8b707.dir/build
make[1]: Entering directory '/mnt/c/Users/Kourosh/scenic-stuff/Scenic/src/scenic/simulators/gazebo/util/plugins/build/CMakeFiles/CMakeTmp'
make[1]: Warning: File 'CMakeFiles/cmTC_8b707.dir/flags.make' has modification time 39 s in the future
Building C object CMakeFiles/cmTC_8b707.dir/CheckFunctionExists.c.o
/usr/bin/cc   -DCHECK_FUNCTION_EXISTS=pthread_create   -o CMakeFiles/cmTC_8b707.dir/CheckFunctionExists.c.o   -c /usr/share/cmake-3.16/Modules/CheckFunctionExists.c
Linking C executable cmTC_8b707
/usr/bin/cmake -E cmake_link_script CMakeFiles/cmTC_8b707.dir/link.txt --verbose=1
/usr/bin/cc  -DCHECK_FUNCTION_EXISTS=pthread_create    -rdynamic CMakeFiles/cmTC_8b707.dir/CheckFunctionExists.c.o  -o cmTC_8b707  -lpthreads 
/usr/bin/ld: cannot find -lpthreads
collect2: error: ld returned 1 exit status
make[1]: *** [CMakeFiles/cmTC_8b707.dir/build.make:87: cmTC_8b707] Error 1
make[1]: Leaving directory '/mnt/c/Users/Kourosh/scenic-stuff/Scenic/src/scenic/simulators/gazebo/util/plugins/build/CMakeFiles/CMakeTmp'
make: *** [Makefile:121: cmTC_8b707/fast] Error 2



Performing C SOURCE FILE Test CMAKE_HAVE_LIBC_PTHREAD failed with the following output:
Change Dir: /mnt/c/Users/Kourosh/scenic-stuff/Scenic/src/scenic/simulators/gazebo/util/plugins/build/CMakeFiles/CMakeTmp

Run Build Command(s):/usr/bin/make cmTC_fb3b3/fast && make: Warning: File 'Makefile' has modification time 39 s in the future
/usr/bin/make -f CMakeFiles/cmTC_fb3b3.dir/build.make CMakeFiles/cmTC_fb3b3.dir/build
make[1]: Entering directory '/mnt/c/Users/Kourosh/scenic-stuff/Scenic/src/scenic/simulators/gazebo/util/plugins/build/CMakeFiles/CMakeTmp'
make[1]: Warning: File 'CMakeFiles/cmTC_fb3b3.dir/flags.make' has modification time 39 s in the future
Building C object CMakeFiles/cmTC_fb3b3.dir/src.c.o
/usr/bin/cc   -DCMAKE_HAVE_LIBC_PTHREAD   -o CMakeFiles/cmTC_fb3b3.dir/src.c.o   -c /mnt/c/Users/Kourosh/scenic-stuff/Scenic/src/scenic/simulators/gazebo/util/plugins/build/CMakeFiles/CMakeTmp/src.c
Linking C executable cmTC_fb3b3
/usr/bin/cmake -E cmake_link_script CMakeFiles/cmTC_fb3b3.dir/link.txt --verbose=1
/usr/bin/cc  -DCMAKE_HAVE_LIBC_PTHREAD    -rdynamic CMakeFiles/cmTC_fb3b3.dir/src.c.o  -o cmTC_fb3b3 
/usr/bin/ld: CMakeFiles/cmTC_fb3b3.dir/src.c.o: in function `main':
src.c:(.text+0x46): undefined reference to `pthread_create'
/usr/bin/ld: src.c:(.text+0x52): undefined reference to `pthread_detach'
/usr/bin/ld: src.c:(.text+0x63): undefined reference to `pthread_join'
collect2: error: ld returned 1 exit status
make[1]: *** [CMakeFiles/cmTC_fb3b3.dir/build.make:87: cmTC_fb3b3] Error 1
make[1]: Leaving directory '/mnt/c/Users/Kourosh/scenic-stuff/Scenic/src/scenic/simulators/gazebo/util/plugins/build/CMakeFiles/CMakeTmp'
make: *** [Makefile:121: cmTC_fb3b3/fast] Error 2


Source file was:
#include <pthread.h>

void* test_func(void* data)
{
  return data;
}

int main(void)
{
  pthread_t thread;
  pthread_create(&thread, NULL, test_func, NULL);
  pthread_detach(thread);
  pthread_join(thread, NULL);
  pthread_atfork(NULL, NULL, NULL);
  pthread_exit(NULL);

  return 0;
}

Determining if the function pthread_create exists in the pthreads failed with the following output:
Change Dir: /mnt/c/Users/Kourosh/scenic-stuff/Scenic/src/scenic/simulators/gazebo/util/plugins/build/CMakeFiles/CMakeTmp

Run Build Command(s):/usr/bin/make cmTC_e6277/fast && make: Warning: File 'Makefile' has modification time 39 s in the future
/usr/bin/make -f CMakeFiles/cmTC_e6277.dir/build.make CMakeFiles/cmTC_e6277.dir/build
make[1]: Entering directory '/mnt/c/Users/Kourosh/scenic-stuff/Scenic/src/scenic/simulators/gazebo/util/plugins/build/CMakeFiles/CMakeTmp'
make[1]: Warning: File 'CMakeFiles/cmTC_e6277.dir/flags.make' has modification time 39 s in the future
Building C object CMakeFiles/cmTC_e6277.dir/CheckFunctionExists.c.o
/usr/bin/cc   -DCHECK_FUNCTION_EXISTS=pthread_create   -o CMakeFiles/cmTC_e6277.dir/CheckFunctionExists.c.o   -c /usr/share/cmake-3.16/Modules/CheckFunctionExists.c
Linking C executable cmTC_e6277
/usr/bin/cmake -E cmake_link_script CMakeFiles/cmTC_e6277.dir/link.txt --verbose=1
/usr/bin/cc  -DCHECK_FUNCTION_EXISTS=pthread_create    -rdynamic CMakeFiles/cmTC_e6277.dir/CheckFunctionExists.c.o  -o cmTC_e6277  -lpthreads 
/usr/bin/ld: cannot find -lpthreads
collect2: error: ld returned 1 exit status
make[1]: *** [CMakeFiles/cmTC_e6277.dir/build.make:87: cmTC_e6277] Error 1
make[1]: Leaving directory '/mnt/c/Users/Kourosh/scenic-stuff/Scenic/src/scenic/simulators/gazebo/util/plugins/build/CMakeFiles/CMakeTmp'
make: *** [Makefile:121: cmTC_e6277/fast] Error 2



Performing C SOURCE FILE Test CMAKE_HAVE_LIBC_PTHREAD failed with the following output:
Change Dir: /mnt/c/Users/Kourosh/scenic-stuff/Scenic/src/scenic/simulators/gazebo/util/plugins/pose_plugin/build/CMakeFiles/CMakeTmp

Run Build Command(s):/usr/bin/make cmTC_299f7/fast && make: Warning: File 'Makefile' has modification time 37 s in the future
/usr/bin/make -f CMakeFiles/cmTC_299f7.dir/build.make CMakeFiles/cmTC_299f7.dir/build
make[1]: Entering directory '/mnt/c/Users/Kourosh/scenic-stuff/Scenic/src/scenic/simulators/gazebo/util/plugins/pose_plugin/build/CMakeFiles/CMakeTmp'
make[1]: Warning: File 'CMakeFiles/cmTC_299f7.dir/flags.make' has modification time 37 s in the future
Building C object CMakeFiles/cmTC_299f7.dir/src.c.o
/usr/bin/cc   -DCMAKE_HAVE_LIBC_PTHREAD   -o CMakeFiles/cmTC_299f7.dir/src.c.o   -c /mnt/c/Users/Kourosh/scenic-stuff/Scenic/src/scenic/simulators/gazebo/util/plugins/pose_plugin/build/CMakeFiles/CMakeTmp/src.c
Linking C executable cmTC_299f7
/usr/bin/cmake -E cmake_link_script CMakeFiles/cmTC_299f7.dir/link.txt --verbose=1
/usr/bin/cc  -DCMAKE_HAVE_LIBC_PTHREAD    -rdynamic CMakeFiles/cmTC_299f7.dir/src.c.o  -o cmTC_299f7 
/usr/bin/ld: CMakeFiles/cmTC_299f7.dir/src.c.o: in function `main':
src.c:(.text+0x46): undefined reference to `pthread_create'
/usr/bin/ld: src.c:(.text+0x52): undefined reference to `pthread_detach'
/usr/bin/ld: src.c:(.text+0x63): undefined reference to `pthread_join'
collect2: error: ld returned 1 exit status
make[1]: *** [CMakeFiles/cmTC_299f7.dir/build.make:87: cmTC_299f7] Error 1
make[1]: Leaving directory '/mnt/c/Users/Kourosh/scenic-stuff/Scenic/src/scenic/simulators/gazebo/util/plugins/pose_plugin/build/CMakeFiles/CMakeTmp'
make: *** [Makefile:121: cmTC_299f7/fast] Error 2


Source file was:
#include <pthread.h>

void* test_func(void* data)
{
  return data;
}

int main(void)
{
  pthread_t thread;
  pthread_create(&thread, NULL, test_func, NULL);
  pthread_detach(thread);
  pthread_join(thread, NULL);
  pthread_atfork(NULL, NULL, NULL);
  pthread_exit(NULL);

  return 0;
}

Determining if the function pthread_create exists in the pthreads failed with the following output:
Change Dir: /mnt/c/Users/Kourosh/scenic-stuff/Scenic/src/scenic/simulators/gazebo/util/plugins/pose_plugin/build/CMakeFiles/CMakeTmp

Run Build Command(s):/usr/bin/make cmTC_a0f19/fast && make: Warning: File 'Makefile' has modification time 37 s in the future
/usr/bin/make -f CMakeFiles/cmTC_a0f19.dir/build.make CMakeFiles/cmTC_a0f19.dir/build
make[1]: Entering directory '/mnt/c/Users/Kourosh/scenic-stuff/Scenic/src/scenic/simulators/gazebo/util/plugins/pose_plugin/build/CMakeFiles/CMakeTmp'
make[1]: Warning: File 'CMakeFiles/cmTC_a0f19.dir/flags.make' has modification time 37 s in the future
Building C object CMakeFiles/cmTC_a0f19.dir/CheckFunctionExists.c.o
/usr/bin/cc   -DCHECK_FUNCTION_EXISTS=pthread_create   -o CMakeFiles/cmTC_a0f19.dir/CheckFunctionExists.c.o   -c /usr/share/cmake-3.16/Modules/CheckFunctionExists.c
Linking C executable cmTC_a0f19
/usr/bin/cmake -E cmake_link_script CMakeFiles/cmTC_a0f19.dir/link.txt --verbose=1
/usr/bin/cc  -DCHECK_FUNCTION_EXISTS=pthread_create    -rdynamic CMakeFiles/cmTC_a0f19.dir/CheckFunctionExists.c.o  -o cmTC_a0f19  -lpthreads 
/usr/bin/ld: cannot find -lpthreads
collect2: error: ld returned 1 exit status
make[1]: *** [CMakeFiles/cmTC_a0f19.dir/build.make:87: cmTC_a0f19] Error 1
make[1]: Leaving directory '/mnt/c/Users/Kourosh/scenic-stuff/Scenic/src/scenic/simulators/gazebo/util/plugins/pose_plugin/build/CMakeFiles/CMakeTmp'
make: *** [Makefile:121: cmTC_a0f19/fast] Error 2



