Performing C SOURCE FILE Test CMAKE_HAVE_LIBC_PTHREAD failed with the following output:
Change Dir: /mnt/c/Users/Kourosh/scenic-stuff/Scenic/src/scenic/simulators/gazebo/util/plugins/delete_models/build/CMakeFiles/CMakeTmp

Run Build Command(s):/usr/bin/make cmTC_d8553/fast && make: Warning: File 'Makefile' has modification time 35 s in the future
/usr/bin/make -f CMakeFiles/cmTC_d8553.dir/build.make CMakeFiles/cmTC_d8553.dir/build
make[1]: Entering directory '/mnt/c/Users/Kourosh/scenic-stuff/Scenic/src/scenic/simulators/gazebo/util/plugins/delete_models/build/CMakeFiles/CMakeTmp'
make[1]: Warning: File 'CMakeFiles/cmTC_d8553.dir/flags.make' has modification time 35 s in the future
Building C object CMakeFiles/cmTC_d8553.dir/src.c.o
/usr/bin/cc   -DCMAKE_HAVE_LIBC_PTHREAD   -o CMakeFiles/cmTC_d8553.dir/src.c.o   -c /mnt/c/Users/Kourosh/scenic-stuff/Scenic/src/scenic/simulators/gazebo/util/plugins/delete_models/build/CMakeFiles/CMakeTmp/src.c
Linking C executable cmTC_d8553
/usr/bin/cmake -E cmake_link_script CMakeFiles/cmTC_d8553.dir/link.txt --verbose=1
/usr/bin/cc  -DCMAKE_HAVE_LIBC_PTHREAD    -rdynamic CMakeFiles/cmTC_d8553.dir/src.c.o  -o cmTC_d8553 
/usr/bin/ld: CMakeFiles/cmTC_d8553.dir/src.c.o: in function `main':
src.c:(.text+0x46): undefined reference to `pthread_create'
/usr/bin/ld: src.c:(.text+0x52): undefined reference to `pthread_detach'
/usr/bin/ld: src.c:(.text+0x63): undefined reference to `pthread_join'
collect2: error: ld returned 1 exit status
make[1]: *** [CMakeFiles/cmTC_d8553.dir/build.make:87: cmTC_d8553] Error 1
make[1]: Leaving directory '/mnt/c/Users/Kourosh/scenic-stuff/Scenic/src/scenic/simulators/gazebo/util/plugins/delete_models/build/CMakeFiles/CMakeTmp'
make: *** [Makefile:121: cmTC_d8553/fast] Error 2


Source file was:
#include <pthread.h>

void* test_func(void* data)
{
  return data;
}

int main(void)
{
  pthread_t thread;
  pthread_create(&thread, NULL, test_func, NULL);
  pthread_detach(thread);
  pthread_join(thread, NULL);
  pthread_atfork(NULL, NULL, NULL);
  pthread_exit(NULL);

  return 0;
}

Determining if the function pthread_create exists in the pthreads failed with the following output:
Change Dir: /mnt/c/Users/Kourosh/scenic-stuff/Scenic/src/scenic/simulators/gazebo/util/plugins/delete_models/build/CMakeFiles/CMakeTmp

Run Build Command(s):/usr/bin/make cmTC_ce89f/fast && make: Warning: File 'Makefile' has modification time 35 s in the future
/usr/bin/make -f CMakeFiles/cmTC_ce89f.dir/build.make CMakeFiles/cmTC_ce89f.dir/build
make[1]: Entering directory '/mnt/c/Users/Kourosh/scenic-stuff/Scenic/src/scenic/simulators/gazebo/util/plugins/delete_models/build/CMakeFiles/CMakeTmp'
make[1]: Warning: File 'CMakeFiles/cmTC_ce89f.dir/flags.make' has modification time 35 s in the future
Building C object CMakeFiles/cmTC_ce89f.dir/CheckFunctionExists.c.o
/usr/bin/cc   -DCHECK_FUNCTION_EXISTS=pthread_create   -o CMakeFiles/cmTC_ce89f.dir/CheckFunctionExists.c.o   -c /usr/share/cmake-3.16/Modules/CheckFunctionExists.c
Linking C executable cmTC_ce89f
/usr/bin/cmake -E cmake_link_script CMakeFiles/cmTC_ce89f.dir/link.txt --verbose=1
/usr/bin/cc  -DCHECK_FUNCTION_EXISTS=pthread_create    -rdynamic CMakeFiles/cmTC_ce89f.dir/CheckFunctionExists.c.o  -o cmTC_ce89f  -lpthreads 
/usr/bin/ld: cannot find -lpthreads
collect2: error: ld returned 1 exit status
make[1]: *** [CMakeFiles/cmTC_ce89f.dir/build.make:87: cmTC_ce89f] Error 1
make[1]: Leaving directory '/mnt/c/Users/Kourosh/scenic-stuff/Scenic/src/scenic/simulators/gazebo/util/plugins/delete_models/build/CMakeFiles/CMakeTmp'
make: *** [Makefile:121: cmTC_ce89f/fast] Error 2



Performing C SOURCE FILE Test CMAKE_HAVE_LIBC_PTHREAD failed with the following output:
Change Dir: /mnt/c/Users/Kourosh/scenic-stuff/Scenic/src/scenic/simulators/gazebo/util/plugins/delete_models/build/CMakeFiles/CMakeTmp

Run Build Command(s):/usr/bin/make cmTC_35469/fast && make: Warning: File 'Makefile' has modification time 35 s in the future
/usr/bin/make -f CMakeFiles/cmTC_35469.dir/build.make CMakeFiles/cmTC_35469.dir/build
make[1]: Entering directory '/mnt/c/Users/Kourosh/scenic-stuff/Scenic/src/scenic/simulators/gazebo/util/plugins/delete_models/build/CMakeFiles/CMakeTmp'
make[1]: Warning: File 'CMakeFiles/cmTC_35469.dir/flags.make' has modification time 35 s in the future
Building C object CMakeFiles/cmTC_35469.dir/src.c.o
/usr/bin/cc   -DCMAKE_HAVE_LIBC_PTHREAD   -o CMakeFiles/cmTC_35469.dir/src.c.o   -c /mnt/c/Users/Kourosh/scenic-stuff/Scenic/src/scenic/simulators/gazebo/util/plugins/delete_models/build/CMakeFiles/CMakeTmp/src.c
Linking C executable cmTC_35469
/usr/bin/cmake -E cmake_link_script CMakeFiles/cmTC_35469.dir/link.txt --verbose=1
/usr/bin/cc  -DCMAKE_HAVE_LIBC_PTHREAD    -rdynamic CMakeFiles/cmTC_35469.dir/src.c.o  -o cmTC_35469 
/usr/bin/ld: CMakeFiles/cmTC_35469.dir/src.c.o: in function `main':
src.c:(.text+0x46): undefined reference to `pthread_create'
/usr/bin/ld: src.c:(.text+0x52): undefined reference to `pthread_detach'
/usr/bin/ld: src.c:(.text+0x63): undefined reference to `pthread_join'
collect2: error: ld returned 1 exit status
make[1]: *** [CMakeFiles/cmTC_35469.dir/build.make:87: cmTC_35469] Error 1
make[1]: Leaving directory '/mnt/c/Users/Kourosh/scenic-stuff/Scenic/src/scenic/simulators/gazebo/util/plugins/delete_models/build/CMakeFiles/CMakeTmp'
make: *** [Makefile:121: cmTC_35469/fast] Error 2


Source file was:
#include <pthread.h>

void* test_func(void* data)
{
  return data;
}

int main(void)
{
  pthread_t thread;
  pthread_create(&thread, NULL, test_func, NULL);
  pthread_detach(thread);
  pthread_join(thread, NULL);
  pthread_atfork(NULL, NULL, NULL);
  pthread_exit(NULL);

  return 0;
}

Determining if the function pthread_create exists in the pthreads failed with the following output:
Change Dir: /mnt/c/Users/Kourosh/scenic-stuff/Scenic/src/scenic/simulators/gazebo/util/plugins/delete_models/build/CMakeFiles/CMakeTmp

Run Build Command(s):/usr/bin/make cmTC_8197a/fast && make: Warning: File 'Makefile' has modification time 35 s in the future
/usr/bin/make -f CMakeFiles/cmTC_8197a.dir/build.make CMakeFiles/cmTC_8197a.dir/build
make[1]: Entering directory '/mnt/c/Users/Kourosh/scenic-stuff/Scenic/src/scenic/simulators/gazebo/util/plugins/delete_models/build/CMakeFiles/CMakeTmp'
make[1]: Warning: File 'CMakeFiles/cmTC_8197a.dir/flags.make' has modification time 35 s in the future
Building C object CMakeFiles/cmTC_8197a.dir/CheckFunctionExists.c.o
/usr/bin/cc   -DCHECK_FUNCTION_EXISTS=pthread_create   -o CMakeFiles/cmTC_8197a.dir/CheckFunctionExists.c.o   -c /usr/share/cmake-3.16/Modules/CheckFunctionExists.c
Linking C executable cmTC_8197a
/usr/bin/cmake -E cmake_link_script CMakeFiles/cmTC_8197a.dir/link.txt --verbose=1
/usr/bin/cc  -DCHECK_FUNCTION_EXISTS=pthread_create    -rdynamic CMakeFiles/cmTC_8197a.dir/CheckFunctionExists.c.o  -o cmTC_8197a  -lpthreads 
/usr/bin/ld: cannot find -lpthreads
collect2: error: ld returned 1 exit status
make[1]: *** [CMakeFiles/cmTC_8197a.dir/build.make:87: cmTC_8197a] Error 1
make[1]: Leaving directory '/mnt/c/Users/Kourosh/scenic-stuff/Scenic/src/scenic/simulators/gazebo/util/plugins/delete_models/build/CMakeFiles/CMakeTmp'
make: *** [Makefile:121: cmTC_8197a/fast] Error 2



